<?xml version="1.0" encoding="UTF-8"?>
<!-- Generated by org.testng.reporters.JUnitReportReporter -->
<testsuite hostname="LAPTOP-IF8GBQIT" failures="0" tests="2" name="pageTest.LogInTest4" time="21.795" errors="0" timestamp="2023-06-01T17:54:21 IDT" skipped="0">
  <testcase classname="pageTest.LogInTest4" name="tc_01" time="21.793"/>
  <system-out/>
  <testcase classname="pageTest.LogInTest4" name="tc_02" time="0.002"/>
  <system-out/>
</testsuite> <!-- pageTest.LogInTest4 -->
